<?xml version="1.0" encoding="UTF-8"?>
<Site BuildName="Win32-mingw32-make"
	BuildStamp="20240328-1919-Experimental"
	Name="DESKTOP-U7EI8JA"
	Generator="ctest-3.24.0"
	CompilerName="C:/Dev/mingw64/bin/g++.exe"
	CompilerVersion="11.2.0"
	OSName="Windows"
	Hostname="DESKTOP-U7EI8JA"
	OSRelease=" Professional"
	OSVersion=" (Build 22000)"
	OSPlatform="AMD64"
	Is64Bits="1"
	VendorString="AuthenticAMD"
	VendorID="Advanced Micro Devices"
	FamilyID="15"
	ModelID="1"
	ProcessorCacheSize="64"
	NumberOfLogicalCPU="16"
	NumberOfPhysicalCPU="8"
	TotalVirtualMemory="37562"
	TotalPhysicalMemory="32698"
	LogicalProcessorsPerPhysical="2"
	ProcessorClockFrequency="4050"
	>
	<Testing>
		<StartDateTime>Mar 28 21:19 E. Europe Standard Time</StartDateTime>
		<StartTestTime>1711653570</StartTestTime>
		<TestList/>
		<EndDateTime>Mar 28 21:19 E. Europe Standard Time</EndDateTime>
		<EndTestTime>1711653570</EndTestTime>
		<ElapsedMinutes>0</ElapsedMinutes>
	</Testing>
</Site>
